<?xml version="1.0" encoding="UTF-8" ?>
<testsuite errors="0" failures="0" name="edu.yale.its.tp.cas.client.UtilTest" tests="2" time="0.079">
  <properties>
[...]
</properties>
  <testcase classname="edu.yale.its.tp.cas.client.UtilTest" name="testGetServiceBasics" time="0.032"></testcase>
  <testcase classname="edu.yale.its.tp.cas.client.UtilTest" name="testGetServiceOddButLegalQueryString" time="0.0"></testcase>
  <system-out><![CDATA[]]></system-out>
  <system-err><![CDATA[]]></system-err>
</testsuite>
